<?xml version="1.0" encoding="UTF-8"?>
<testsuite name="org.example.AppTest" tests="1" skipped="0" failures="0" errors="0" timestamp="2025-09-29T15:11:19.170Z" hostname="LAPTOP-48QSGSID" time="0.007">
  <properties/>
  <testcase name="testMemoireAlice" classname="org.example.AppTest" time="0.007"/>
  <system-out><![CDATA[]]></system-out>
  <system-err><![CDATA[]]></system-err>
</testsuite>
